<?xml version="1.0" encoding="UTF-8"?>
<!-- Generated by org.testng.reporters.JUnitReportReporter -->
<testsuite hostname="DESKTOP-EDFHH1L" failures="0" tests="3" name="testclasses.TestNG_Priority" time="0.004" errors="0" timestamp="2020-11-26T20:01:03 CET" skipped="0">
  <testcase classname="testclasses.TestNG_Priority" name="testMethod3" time="0.003"/>
  <system-out/>
  <testcase classname="testclasses.TestNG_Priority" name="testMethod2" time="0.001"/>
  <system-out/>
  <testcase classname="testclasses.TestNG_Priority" name="testMethod1" time="0.000"/>
  <system-out/>
</testsuite> <!-- testclasses.TestNG_Priority -->
