<?xml version="1.0" encoding="UTF-8"?>
<!-- Generated by org.testng.reporters.JUnitReportReporter -->
<testsuite hostname="DESKTOP-EDFHH1L" failures="0" tests="2" name="regressionsuite.TestNG_TestClass2" time="0.001" errors="0" timestamp="2021-05-06T08:50:45 CEST" skipped="0">
  <testcase classname="regressionsuite.TestNG_TestClass2" name="testMethod1" time="0.000"/>
  <system-out/>
  <testcase classname="regressionsuite.TestNG_TestClass2" name="testMethod2" time="0.001"/>
  <system-out/>
</testsuite> <!-- regressionsuite.TestNG_TestClass2 -->
