<?xml version="1.0" encoding="UTF-8"?>
<!-- Generated by org.testng.reporters.JUnitReportReporter -->
<testsuite hostname="DESKTOP-EDFHH1L" failures="0" tests="3" name="testclasses.TestNG_DataProviders" time="0.003" errors="0" timestamp="2020-11-28T19:47:16 CET" skipped="0">
  <testcase classname="testclasses.TestNG_DataProviders" name="testMethod1" time="0.003"/>
  <system-out/>
  <testcase classname="testclasses.TestNG_DataProviders" name="testMethod1" time="0.000"/>
  <system-out/>
  <testcase classname="testclasses.TestNG_DataProviders" name="testMethod1" time="0.000"/>
  <system-out/>
</testsuite> <!-- testclasses.TestNG_DataProviders -->
