<?xml version="1.0" encoding="UTF-8"?>
<!-- Generated by org.testng.reporters.JUnitReportReporter -->
<testsuite hostname="DESKTOP-EDFHH1L" failures="0" tests="1" name="testclasses.TestNG_TestParameters" time="0.003" errors="0" timestamp="2020-11-26T23:20:30 CET" skipped="0">
  <testcase classname="testclasses.TestNG_TestParameters" name="testMethod1" time="0.003"/>
  <system-out/>
</testsuite> <!-- testclasses.TestNG_TestParameters -->
