<?xml version="1.0" encoding="UTF-8"?>
<!-- Generated by org.testng.reporters.JUnitReportReporter -->
<testsuite hostname="DESKTOP-EDFHH1L" failures="0" tests="1" name="testpractice.TestNG_Practice2" time="3.876" errors="0" timestamp="2020-11-28T18:46:51 CET" skipped="0">
  <testcase classname="testpractice.TestNG_Practice2" name="testMethod1" time="3.876"/>
  <system-out/>
</testsuite> <!-- testpractice.TestNG_Practice2 -->
