<?xml version="1.0" encoding="UTF-8"?>
<!-- Generated by org.testng.reporters.JUnitReportReporter -->
<testsuite hostname="DESKTOP-EDFHH1L" failures="0" tests="2" name="regressionsuite.TestNG_TestClass2" time="0.002" errors="0" timestamp="2020-11-26T19:41:32 CET" skipped="0">
  <testcase classname="regressionsuite.TestNG_TestClass2" name="testMethod1" time="0.001"/>
  <system-out/>
  <testcase classname="regressionsuite.TestNG_TestClass2" name="testMethod2" time="0.001"/>
  <system-out/>
</testsuite> <!-- regressionsuite.TestNG_TestClass2 -->
