<?xml version="1.0" encoding="UTF-8"?>
<!-- Generated by org.testng.reporters.JUnitReportReporter -->
<testsuite hostname="DESKTOP-EDFHH1L" failures="0" tests="2" name="testpractice.TestNG_Practice1" time="8.704" errors="0" timestamp="2020-11-28T19:02:03 CET" skipped="0">
  <testcase classname="testpractice.TestNG_Practice1" name="testMethod1" time="4.660"/>
  <system-out/>
  <testcase classname="testpractice.TestNG_Practice1" name="testMethod1" time="4.044"/>
  <system-out/>
</testsuite> <!-- testpractice.TestNG_Practice1 -->
