<?xml version="1.0" encoding="UTF-8"?>
<!-- Generated by org.testng.reporters.JUnitReportReporter -->
<testsuite hostname="DESKTOP-EDFHH1L" failures="0" tests="2" name="regressionsuite.TestNG_TestClass1" time="0.004" errors="0" timestamp="2020-11-26T19:41:32 CET" skipped="0">
  <testcase classname="regressionsuite.TestNG_TestClass1" name="testMethod2" time="0.000"/>
  <system-out/>
  <testcase classname="regressionsuite.TestNG_TestClass1" name="testMethod1" time="0.004"/>
  <system-out/>
</testsuite> <!-- regressionsuite.TestNG_TestClass1 -->
