<?xml version="1.0" encoding="UTF-8"?>
<!-- Generated by org.testng.reporters.JUnitReportReporter -->
<testsuite hostname="DESKTOP-EDFHH1L" failures="0" tests="4" name="testclasses.TestNG_Grouping" time="0.006" errors="0" timestamp="2021-05-06T09:22:54 CEST" skipped="0">
  <testcase classname="testclasses.TestNG_Grouping" name="testBMWX6" time="0.001"/>
  <system-out/>
  <testcase classname="testclasses.TestNG_Grouping" name="testNinja" time="0.001"/>
  <system-out/>
  <testcase classname="testclasses.TestNG_Grouping" name="testHondaCBR" time="0.001"/>
  <system-out/>
  <testcase classname="testclasses.TestNG_Grouping" name="testAudiA6" time="0.003"/>
  <system-out/>
</testsuite> <!-- testclasses.TestNG_Grouping -->
