<?xml version="1.0" encoding="UTF-8"?>
<!-- Generated by org.testng.reporters.JUnitReportReporter -->
<testsuite hostname="DESKTOP-EDFHH1L" failures="0" tests="1" name="testpackage.TestNG_Demo" time="0.004" errors="0" timestamp="2020-11-26T16:23:52 CET" skipped="0">
  <testcase classname="testpackage.TestNG_Demo" name="testMethod" time="0.004"/>
  <system-out/>
</testsuite> <!-- testpackage.TestNG_Demo -->
