<?xml version="1.0" encoding="UTF-8"?>
<!-- Generated by org.testng.reporters.JUnitReportReporter -->
<testsuite hostname="DESKTOP-EDFHH1L" failures="0" tests="2" name="testclasses.TestNG_Preserve2" time="0.006" errors="0" timestamp="2020-11-26T22:47:56 CET" skipped="0">
  <testcase classname="testclasses.TestNG_Preserve2" name="testMethod2" time="0.001"/>
  <system-out/>
  <testcase classname="testclasses.TestNG_Preserve2" name="testMethod1" time="0.005"/>
  <system-out/>
</testsuite> <!-- testclasses.TestNG_Preserve2 -->
