<?xml version="1.0" encoding="UTF-8"?>
<!-- Generated by org.testng.reporters.JUnitReportReporter -->
<testsuite hostname="DESKTOP-EDFHH1L" failures="0" tests="2" name="testclasses.TestNG_TestClass1" time="0.003" errors="0" timestamp="2020-11-26T19:23:04 CET" skipped="0">
  <testcase classname="testclasses.TestNG_TestClass1" name="testMethod1" time="0.002"/>
  <system-out/>
  <testcase classname="testclasses.TestNG_TestClass1" name="testMethod2" time="0.001"/>
  <system-out/>
</testsuite> <!-- testclasses.TestNG_TestClass1 -->
