<?xml version="1.0" encoding="UTF-8"?>
<!-- Generated by org.testng.reporters.JUnitReportReporter -->
<testsuite hostname="DESKTOP-EDFHH1L" failures="0" tests="2" name="testclasses.TestNG_Grouping" time="0.003" errors="0" timestamp="2020-11-26T20:53:05 CET" skipped="0">
  <testcase classname="testclasses.TestNG_Grouping" name="testAudiA6" time="0.002"/>
  <system-out/>
  <testcase classname="testclasses.TestNG_Grouping" name="testBMWX6" time="0.001"/>
  <system-out/>
</testsuite> <!-- testclasses.TestNG_Grouping -->
