<?xml version="1.0" encoding="UTF-8"?>
<!-- Generated by org.testng.reporters.JUnitReportReporter -->
<testsuite hostname="DESKTOP-EDFHH1L" failures="0" tests="3" name="testclasses.TestAnnotation" time="0.008" errors="0" timestamp="2020-11-26T16:27:28 CET" skipped="0">
  <testcase classname="testclasses.TestAnnotation" name="atestMethod2" time="0.006"/>
  <system-out/>
  <testcase classname="testclasses.TestAnnotation" name="testMethod3" time="0.001"/>
  <system-out/>
  <testcase classname="testclasses.TestAnnotation" name="testMethod1" time="0.001"/>
  <system-out/>
</testsuite> <!-- testclasses.TestAnnotation -->
