<?xml version="1.0" encoding="UTF-8"?>
<!-- Generated by org.testng.reporters.JUnitReportReporter -->
<testsuite hostname="DESKTOP-EDFHH1L" failures="0" tests="3" name="testclasses.NewTest" time="0.005" errors="0" timestamp="2020-11-28T19:40:14 CET" skipped="0">
  <testcase classname="testclasses.NewTest" name="testMethod1" time="0.004"/>
  <system-out/>
  <testcase classname="testclasses.NewTest" name="testMethod1" time="0.000"/>
  <system-out/>
  <testcase classname="testclasses.NewTest" name="testMethod1" time="0.001"/>
  <system-out/>
</testsuite> <!-- testclasses.NewTest -->
