<?xml version="1.0" encoding="UTF-8"?>
<!-- Generated by org.testng.reporters.JUnitReportReporter -->
<testsuite hostname="DESKTOP-EDFHH1L" failures="0" tests="2" name="testclasses.TestNG_TestParallel1" time="12.013" errors="0" timestamp="2020-11-26T23:47:57 CET" skipped="0">
  <testcase classname="testclasses.TestNG_TestParallel1" name="testMethod1" time="6.007"/>
  <system-out/>
  <testcase classname="testclasses.TestNG_TestParallel1" name="testMethod2" time="6.006"/>
  <system-out/>
</testsuite> <!-- testclasses.TestNG_TestParallel1 -->
